2018-10-22 17:44:00,778 DEBUG urllib3.connectionpool Starting new HTTPS connection (1): api.genius.com:443
2018-10-22 17:44:01,067 DEBUG urllib3.connectionpool https://api.genius.com:443 "GET /search/?q=The+Pharcyde&text_format=plain HTTP/1.1" 200 11040
2018-10-22 17:44:01,919 DEBUG urllib3.connectionpool https://api.genius.com:443 "GET /artists/521?text_format=plain HTTP/1.1" 200 6110
2018-10-22 17:44:02,878 DEBUG urllib3.connectionpool https://api.genius.com:443 "GET /artists/521/songs?page=1&per_page=20&sort=title&text_format=plain HTTP/1.1" 200 16980
2018-10-22 17:44:08,675 DEBUG urllib3.connectionpool Starting new HTTPS connection (1): api.genius.com:443
2018-10-22 17:44:09,630 DEBUG urllib3.connectionpool https://api.genius.com:443 "GET /search/?q=Chance+the+Rapper&text_format=plain HTTP/1.1" 200 11903
2018-10-22 17:44:10,742 DEBUG urllib3.connectionpool https://api.genius.com:443 "GET /artists/16751?text_format=plain HTTP/1.1" 200 15310
2018-10-22 17:44:11,818 DEBUG urllib3.connectionpool https://api.genius.com:443 "GET /artists/16751/songs?per_page=20&text_format=plain&page=1&sort=title HTTP/1.1" 200 23391
2018-10-22 17:44:12,330 DEBUG urllib3.connectionpool Starting new HTTPS connection (1): genius.com:443
2018-10-22 17:44:12,994 DEBUG urllib3.connectionpool https://genius.com:443 "GET /Chance-the-rapper-10-day-outfit-10-day-listening-party-lyrics HTTP/1.1" 200 None
2018-10-22 17:44:13,396 DEBUG urllib3.connectionpool https://api.genius.com:443 "GET /songs/373482?text_format=plain HTTP/1.1" 200 7418
2018-10-22 17:44:13,902 DEBUG urllib3.connectionpool Starting new HTTPS connection (1): genius.com:443
2018-10-22 17:44:15,358 DEBUG urllib3.connectionpool https://genius.com:443 "GET /Chance-the-rapper-10-day-tracklist-cover-art-annotated HTTP/1.1" 200 None
2018-10-22 17:44:15,435 DEBUG urllib3.connectionpool Starting new HTTPS connection (1): genius.com:443
2018-10-22 17:44:17,054 DEBUG urllib3.connectionpool https://genius.com:443 "GET /Chance-the-rapper-14400-minutes-lyrics HTTP/1.1" 200 None
2018-10-22 17:44:17,552 DEBUG urllib3.connectionpool https://api.genius.com:443 "GET /songs/72696?text_format=plain HTTP/1.1" 200 15173
2018-10-22 17:44:18,058 DEBUG urllib3.connectionpool Starting new HTTPS connection (1): genius.com:443
2018-10-22 17:44:20,287 DEBUG urllib3.connectionpool https://genius.com:443 "GET /Rock-genius-14-chance-the-rappers-acid-rap-and-vic-mensas-innanetape-annotated HTTP/1.1" 200 None
2018-10-22 17:44:20,782 DEBUG urllib3.connectionpool https://api.genius.com:443 "GET /songs/281962?text_format=plain HTTP/1.1" 200 12660
2018-10-22 17:44:21,287 DEBUG urllib3.connectionpool Starting new HTTPS connection (1): genius.com:443
2018-10-22 17:44:21,998 DEBUG urllib3.connectionpool https://genius.com:443 "GET /Chance-the-rapper-2016-beats-1-interview-with-zane-lowe-annotated HTTP/1.1" 200 None
2018-10-22 17:44:22,119 DEBUG urllib3.connectionpool Starting new HTTPS connection (1): genius.com:443
2018-10-22 17:44:23,189 DEBUG urllib3.connectionpool https://genius.com:443 "GET /Stephen-colbert-and-chance-the-rapper-2017-emmy-awards-opening-song-lyrics HTTP/1.1" 200 None
2018-10-22 17:44:23,622 DEBUG urllib3.connectionpool https://api.genius.com:443 "GET /songs/3240395?text_format=plain HTTP/1.1" 200 7696
2018-10-22 17:44:24,127 DEBUG urllib3.connectionpool Starting new HTTPS connection (1): genius.com:443
2018-10-22 17:44:24,867 DEBUG urllib3.connectionpool https://genius.com:443 "GET /Chance-the-rapper-2017-grammys-best-new-artist-speech-lyrics HTTP/1.1" 200 None
2018-10-22 17:44:25,268 DEBUG urllib3.connectionpool https://api.genius.com:443 "GET /songs/2984959?text_format=plain HTTP/1.1" 200 7481
2018-10-22 17:44:25,773 DEBUG urllib3.connectionpool Starting new HTTPS connection (1): genius.com:443
2018-10-22 17:44:26,131 DEBUG urllib3.connectionpool https://genius.com:443 "GET /Chance-the-rapper-2017-grammys-best-rap-album-speech-lyrics HTTP/1.1" 200 None
2018-10-22 17:44:26,479 DEBUG urllib3.connectionpool https://api.genius.com:443 "GET /songs/2985019?text_format=plain HTTP/1.1" 200 7242
2018-10-22 17:44:26,984 DEBUG urllib3.connectionpool Starting new HTTPS connection (1): genius.com:443
2018-10-22 17:44:27,552 DEBUG urllib3.connectionpool https://genius.com:443 "GET /Chance-the-rapper-2017-grammys-best-rap-performance-speech-lyrics HTTP/1.1" 200 None
2018-10-22 17:44:27,927 DEBUG urllib3.connectionpool https://api.genius.com:443 "GET /songs/2984983?text_format=plain HTTP/1.1" 200 7748
2018-10-22 17:44:28,432 DEBUG urllib3.connectionpool Starting new HTTPS connection (1): genius.com:443
2018-10-22 17:44:29,119 DEBUG urllib3.connectionpool https://genius.com:443 "GET /Chance-the-rapper-2017-in-australia-2016-in-chi-annotated HTTP/1.1" 200 None
2018-10-22 17:44:29,469 DEBUG urllib3.connectionpool https://api.genius.com:443 "GET /songs/2945167?text_format=plain HTTP/1.1" 200 7780
2018-10-22 17:44:29,974 DEBUG urllib3.connectionpool Starting new HTTPS connection (1): genius.com:443
2018-10-22 17:44:30,544 DEBUG urllib3.connectionpool https://genius.com:443 "GET /Chance-the-rapper-2017-in-australia-a-poem-annotated HTTP/1.1" 200 None
2018-10-22 17:44:30,903 DEBUG urllib3.connectionpool https://api.genius.com:443 "GET /songs/2945185?text_format=plain HTTP/1.1" 200 6613
2018-10-22 17:44:31,408 DEBUG urllib3.connectionpool Starting new HTTPS connection (1): genius.com:443
2018-10-22 17:44:32,624 DEBUG urllib3.connectionpool https://genius.com:443 "GET /Chance-the-rapper-22-offs-lyrics HTTP/1.1" 200 None
2018-10-22 17:44:33,128 DEBUG urllib3.connectionpool https://api.genius.com:443 "GET /songs/72706?text_format=plain HTTP/1.1" 200 13814
2018-10-22 17:44:33,634 DEBUG urllib3.connectionpool Starting new HTTPS connection (1): genius.com:443
2018-10-22 17:44:35,540 DEBUG urllib3.connectionpool https://genius.com:443 "GET /Fried-rice-240-hours-lyrics HTTP/1.1" 200 None
2018-10-22 17:44:36,244 DEBUG urllib3.connectionpool https://api.genius.com:443 "GET /songs/3017226?text_format=plain HTTP/1.1" 200 19447
2018-10-22 17:44:36,750 DEBUG urllib3.connectionpool Starting new HTTPS connection (1): genius.com:443
2018-10-22 17:44:37,220 DEBUG urllib3.connectionpool https://genius.com:443 "GET /Chance-the-rapper-65th-and-ingleside-lyrics HTTP/1.1" 200 None
2018-10-22 17:44:37,679 DEBUG urllib3.connectionpool https://api.genius.com:443 "GET /songs/3847664?text_format=plain HTTP/1.1" 200 20082
2018-10-22 17:44:38,184 DEBUG urllib3.connectionpool Starting new HTTPS connection (1): genius.com:443
2018-10-22 17:44:38,958 DEBUG urllib3.connectionpool https://genius.com:443 "GET /Chance-the-rapper-abcs-song-remix-lyrics HTTP/1.1" 200 None
2018-10-22 17:44:39,451 DEBUG urllib3.connectionpool https://api.genius.com:443 "GET /songs/3105813?text_format=plain HTTP/1.1" 200 7176
2018-10-22 17:44:39,956 DEBUG urllib3.connectionpool Starting new HTTPS connection (1): genius.com:443
2018-10-22 17:44:40,846 DEBUG urllib3.connectionpool https://genius.com:443 "GET /Young-mugz-acid-rain-lyrics HTTP/1.1" 200 None
2018-10-22 17:44:41,358 DEBUG urllib3.connectionpool https://api.genius.com:443 "GET /songs/2472705?text_format=plain HTTP/1.1" 200 8265
2018-10-22 17:44:41,863 DEBUG urllib3.connectionpool Starting new HTTPS connection (1): genius.com:443
2018-10-22 17:44:42,023 DEBUG urllib3.connectionpool https://genius.com:443 "GET /Chance-the-rapper-acid-rain-lyrics HTTP/1.1" 200 None
2018-10-22 17:44:42,737 DEBUG urllib3.connectionpool https://api.genius.com:443 "GET /songs/119999?text_format=plain HTTP/1.1" 200 24430
2018-10-22 17:44:43,246 DEBUG urllib3.connectionpool Starting new HTTPS connection (1): genius.com:443
2018-10-22 17:44:43,950 DEBUG urllib3.connectionpool https://genius.com:443 "GET /Aryan-sagar-acid-rain-remix-lyrics HTTP/1.1" 200 None
2018-10-22 17:44:44,398 DEBUG urllib3.connectionpool https://api.genius.com:443 "GET /songs/2955603?text_format=plain HTTP/1.1" 200 7166
2018-10-22 17:44:44,904 DEBUG urllib3.connectionpool Starting new HTTPS connection (1): genius.com:443
2018-10-22 17:44:45,280 DEBUG urllib3.connectionpool https://genius.com:443 "GET /Chance-the-rapper-acid-rap-artwork-annotated HTTP/1.1" 200 None
2018-10-22 17:44:45,719 DEBUG urllib3.connectionpool https://api.genius.com:443 "GET /songs/247070?text_format=plain HTTP/1.1" 200 10577
2018-10-22 17:44:46,225 DEBUG urllib3.connectionpool Starting new HTTPS connection (1): genius.com:443
2018-10-22 17:44:46,739 DEBUG urllib3.connectionpool https://genius.com:443 "GET /Chance-the-rapper-acid-rap-outfit-sxsw-2013-annotated HTTP/1.1" 200 None
2018-10-22 17:44:47,170 DEBUG urllib3.connectionpool https://api.genius.com:443 "GET /songs/362778?text_format=plain HTTP/1.1" 200 8933
2018-10-22 17:44:48,434 DEBUG urllib3.connectionpool https://api.genius.com:443 "GET /artists/16751/songs?per_page=20&text_format=plain&page=2&sort=title HTTP/1.1" 200 21613
2018-10-22 17:44:48,940 DEBUG urllib3.connectionpool Starting new HTTPS connection (1): genius.com:443
2018-10-22 17:44:50,098 DEBUG urllib3.connectionpool https://genius.com:443 "GET /Snakehips-all-my-friends-lyrics HTTP/1.1" 200 None
2018-10-22 17:44:50,617 DEBUG urllib3.connectionpool https://api.genius.com:443 "GET /songs/2327412?text_format=plain HTTP/1.1" 200 22231
2018-10-22 17:44:51,124 DEBUG urllib3.connectionpool Starting new HTTPS connection (1): genius.com:443
2018-10-22 17:44:51,695 DEBUG urllib3.connectionpool https://genius.com:443 "GET /Snakehips-all-my-friends-demo-lyrics HTTP/1.1" 200 None
2018-10-22 17:44:52,109 DEBUG urllib3.connectionpool https://api.genius.com:443 "GET /songs/2913646?text_format=plain HTTP/1.1" 200 9509
2018-10-22 17:44:52,613 DEBUG urllib3.connectionpool Starting new HTTPS connection (1): genius.com:443
2018-10-22 17:44:52,805 DEBUG urllib3.connectionpool https://genius.com:443 "GET /Chance-the-rapper-all-night-lyrics HTTP/1.1" 200 None
2018-10-22 17:44:53,437 DEBUG urllib3.connectionpool https://api.genius.com:443 "GET /songs/2472236?text_format=plain HTTP/1.1" 200 15471
2018-10-22 17:44:53,943 DEBUG urllib3.connectionpool Starting new HTTPS connection (1): genius.com:443
2018-10-22 17:44:54,744 DEBUG urllib3.connectionpool https://genius.com:443 "GET /Chance-the-rapper-all-night-kaytranada-extended-joint-lyrics HTTP/1.1" 200 None
2018-10-22 17:44:55,100 DEBUG urllib3.connectionpool https://api.genius.com:443 "GET /songs/3446243?text_format=plain HTTP/1.1" 200 7208
2018-10-22 17:44:55,605 DEBUG urllib3.connectionpool Starting new HTTPS connection (1): genius.com:443
2018-10-22 17:44:56,327 DEBUG urllib3.connectionpool https://genius.com:443 "GET /Chance-the-rapper-all-night-louis-the-child-remix-lyrics HTTP/1.1" 200 None
2018-10-22 17:44:56,731 DEBUG urllib3.connectionpool https://api.genius.com:443 "GET /songs/3197591?text_format=plain HTTP/1.1" 200 7073
2018-10-22 17:44:57,236 DEBUG urllib3.connectionpool Starting new HTTPS connection (1): genius.com:443
2018-10-22 17:44:58,391 DEBUG urllib3.connectionpool https://genius.com:443 "GET /Jeremih-and-chance-the-rapper-all-the-way-lyrics HTTP/1.1" 200 None
2018-10-22 17:44:58,838 DEBUG urllib3.connectionpool https://api.genius.com:443 "GET /songs/2937969?text_format=plain HTTP/1.1" 200 11931
2018-10-22 17:44:59,344 DEBUG urllib3.connectionpool Starting new HTTPS connection (1): genius.com:443
2018-10-22 17:45:00,784 DEBUG urllib3.connectionpool https://genius.com:443 "GET /Chance-the-rapper-all-we-got-lyrics HTTP/1.1" 200 None
2018-10-22 17:45:01,415 DEBUG urllib3.connectionpool https://api.genius.com:443 "GET /songs/2472231?text_format=plain HTTP/1.1" 200 31324
2018-10-22 17:45:01,922 DEBUG urllib3.connectionpool Starting new HTTPS connection (1): genius.com:443
2018-10-22 17:45:02,704 DEBUG urllib3.connectionpool https://genius.com:443 "GET /Layzsqid-amazon-lyrics HTTP/1.1" 200 None
2018-10-22 17:45:03,173 DEBUG urllib3.connectionpool https://api.genius.com:443 "GET /songs/3152571?text_format=plain HTTP/1.1" 200 7839
2018-10-22 17:45:03,679 DEBUG urllib3.connectionpool Starting new HTTPS connection (1): genius.com:443
2018-10-22 17:45:04,473 DEBUG urllib3.connectionpool https://genius.com:443 "GET /Lili-k-ambitious-lyrics HTTP/1.1" 200 None
2018-10-22 17:45:04,973 DEBUG urllib3.connectionpool https://api.genius.com:443 "GET /songs/491546?text_format=plain HTTP/1.1" 200 8048
2018-10-22 17:45:05,478 DEBUG urllib3.connectionpool Starting new HTTPS connection (1): genius.com:443
2018-10-22 17:45:06,611 DEBUG urllib3.connectionpool https://genius.com:443 "GET /Lil-b-and-chance-the-rapper-amen-based-freestyle-lyrics HTTP/1.1" 200 None
2018-10-22 17:45:06,947 DEBUG urllib3.connectionpool https://api.genius.com:443 "GET /songs/2274491?text_format=plain HTTP/1.1" 200 8554
2018-10-22 17:45:07,452 DEBUG urllib3.connectionpool Starting new HTTPS connection (1): genius.com:443
2018-10-22 17:45:08,310 DEBUG urllib3.connectionpool https://genius.com:443 "GET /Chance-the-rapper-and-they-say-lyrics HTTP/1.1" 200 None
2018-10-22 17:45:08,631 DEBUG urllib3.connectionpool https://api.genius.com:443 "GET /songs/3087814?text_format=plain HTTP/1.1" 200 8762
2018-10-22 17:45:09,136 DEBUG urllib3.connectionpool Starting new HTTPS connection (1): genius.com:443
2018-10-22 17:45:09,332 DEBUG urllib3.connectionpool https://genius.com:443 "GET /Chance-the-rapper-angels-lyrics HTTP/1.1" 200 None
2018-10-22 17:45:10,072 DEBUG urllib3.connectionpool https://api.genius.com:443 "GET /songs/2339009?text_format=plain HTTP/1.1" 200 21214
2018-10-22 17:45:10,579 DEBUG urllib3.connectionpool Starting new HTTPS connection (1): genius.com:443
2018-10-22 17:45:11,124 DEBUG urllib3.connectionpool https://genius.com:443 "GET /Jeremih-and-chance-the-rapper-are-u-live-lyrics HTTP/1.1" 200 None
2018-10-22 17:45:11,570 DEBUG urllib3.connectionpool https://api.genius.com:443 "GET /songs/3380210?text_format=plain HTTP/1.1" 200 10098
2018-10-22 17:45:12,078 DEBUG urllib3.connectionpool Starting new HTTPS connection (1): genius.com:443
2018-10-22 17:45:13,067 DEBUG urllib3.connectionpool https://genius.com:443 "GET /Action-bronson-baby-blue-lyrics HTTP/1.1" 200 None
2018-10-22 17:45:14,214 DEBUG urllib3.connectionpool https://api.genius.com:443 "GET /songs/715833?text_format=plain HTTP/1.1" 200 25162
2018-10-22 17:45:14,728 DEBUG urllib3.connectionpool Starting new HTTPS connection (1): genius.com:443
2018-10-22 17:45:14,867 DEBUG urllib3.connectionpool https://genius.com:443 "GET /The-omys-baskets-lyrics HTTP/1.1" 200 None
2018-10-22 17:45:15,218 DEBUG urllib3.connectionpool https://api.genius.com:443 "GET /songs/3844794?text_format=plain HTTP/1.1" 200 7813
2018-10-22 17:45:15,723 DEBUG urllib3.connectionpool Starting new HTTPS connection (1): genius.com:443
2018-10-22 17:45:16,976 DEBUG urllib3.connectionpool https://genius.com:443 "GET /Lil-b-and-chance-the-rapper-beautiful-chicago-based-freestyle-lyrics HTTP/1.1" 200 None
2018-10-22 17:45:17,321 DEBUG urllib3.connectionpool https://api.genius.com:443 "GET /songs/2417289?text_format=plain HTTP/1.1" 200 8573
2018-10-22 17:45:17,826 DEBUG urllib3.connectionpool Starting new HTTPS connection (1): genius.com:443
2018-10-22 17:45:18,968 DEBUG urllib3.connectionpool https://genius.com:443 "GET /Instrumentality-beddy-bye-lyrics HTTP/1.1" 200 None
2018-10-22 17:45:19,400 DEBUG urllib3.connectionpool https://api.genius.com:443 "GET /songs/365525?text_format=plain HTTP/1.1" 200 8670
2018-10-22 17:45:19,906 DEBUG urllib3.connectionpool Starting new HTTPS connection (1): genius.com:443
2018-10-22 17:45:20,703 DEBUG urllib3.connectionpool https://genius.com:443 "GET /Cardi-b-best-life-lyrics HTTP/1.1" 200 None
2018-10-22 17:45:21,238 DEBUG urllib3.connectionpool https://api.genius.com:443 "GET /songs/3627145?text_format=plain HTTP/1.1" 200 8772
2018-10-22 17:45:21,743 DEBUG urllib3.connectionpool Starting new HTTPS connection (1): genius.com:443
2018-10-22 17:45:23,070 DEBUG urllib3.connectionpool https://genius.com:443 "GET /Chance-the-rapper-big-bs-lyrics HTTP/1.1" 200 None
2018-10-22 17:45:23,426 DEBUG urllib3.connectionpool https://api.genius.com:443 "GET /songs/3158333?text_format=plain HTTP/1.1" 200 12029
2018-10-22 17:45:24,470 DEBUG urllib3.connectionpool https://api.genius.com:443 "GET /artists/16751/songs?per_page=20&text_format=plain&page=3&sort=title HTTP/1.1" 200 22335
2018-10-22 17:45:24,976 DEBUG urllib3.connectionpool Starting new HTTPS connection (1): genius.com:443
2018-10-22 17:45:25,641 DEBUG urllib3.connectionpool https://genius.com:443 "GET /Jeremih-and-chance-the-rapper-big-kid-again-lyrics HTTP/1.1" 200 None
2018-10-22 17:45:26,113 DEBUG urllib3.connectionpool https://api.genius.com:443 "GET /songs/3380203?text_format=plain HTTP/1.1" 200 8143
2018-10-22 17:45:26,618 DEBUG urllib3.connectionpool Starting new HTTPS connection (1): genius.com:443
2018-10-22 17:45:26,843 DEBUG urllib3.connectionpool https://genius.com:443 "GET /Chance-the-rapper-blessings-lyrics HTTP/1.1" 200 None
2018-10-22 17:45:27,490 DEBUG urllib3.connectionpool https://api.genius.com:443 "GET /songs/2468090?text_format=plain HTTP/1.1" 200 19209
2018-10-22 17:45:28,006 DEBUG urllib3.connectionpool Starting new HTTPS connection (1): genius.com:443
2018-10-22 17:45:28,229 DEBUG urllib3.connectionpool https://genius.com:443 "GET /Chance-the-rapper-blessings-reprise-lyrics HTTP/1.1" 200 None
2018-10-22 17:45:28,824 DEBUG urllib3.connectionpool https://api.genius.com:443 "GET /songs/2472240?text_format=plain HTTP/1.1" 200 21644
2018-10-22 17:45:29,330 DEBUG urllib3.connectionpool Starting new HTTPS connection (1): genius.com:443
2018-10-22 17:45:30,422 DEBUG urllib3.connectionpool https://genius.com:443 "GET /Chance-the-rapper-blessings-the-save-money-prayer-lyrics HTTP/1.1" 200 None
2018-10-22 17:45:30,888 DEBUG urllib3.connectionpool https://api.genius.com:443 "GET /songs/2425571?text_format=plain HTTP/1.1" 200 16349
2018-10-22 17:45:31,393 DEBUG urllib3.connectionpool Starting new HTTPS connection (1): genius.com:443
2018-10-22 17:45:32,558 DEBUG urllib3.connectionpool https://genius.com:443 "GET /Odd-couple-bombay-state-of-mind-lyrics HTTP/1.1" 200 None
2018-10-22 17:45:33,017 DEBUG urllib3.connectionpool https://api.genius.com:443 "GET /songs/80775?text_format=plain HTTP/1.1" 200 11442
2018-10-22 17:45:33,522 DEBUG urllib3.connectionpool Starting new HTTPS connection (1): genius.com:443
2018-10-22 17:45:34,451 DEBUG urllib3.connectionpool https://genius.com:443 "GET /Earth-wind-and-fire-bonnaroo-freestyle-2015-lyrics HTTP/1.1" 200 None
2018-10-22 17:45:34,781 DEBUG urllib3.connectionpool https://api.genius.com:443 "GET /songs/2131719?text_format=plain HTTP/1.1" 200 8540
2018-10-22 17:45:35,440 DEBUG urllib3.connectionpool Starting new HTTPS connection (1): genius.com:443
2018-10-22 17:45:35,997 DEBUG urllib3.connectionpool https://genius.com:443 "GET /The-omys-bout-a-dolla-lyrics HTTP/1.1" 200 None
2018-10-22 17:45:36,366 DEBUG urllib3.connectionpool https://api.genius.com:443 "GET /songs/84060?text_format=plain HTTP/1.1" 200 8554
2018-10-22 17:45:36,871 DEBUG urllib3.connectionpool Starting new HTTPS connection (1): genius.com:443
2018-10-22 17:45:38,189 DEBUG urllib3.connectionpool https://genius.com:443 "GET /Chance-the-rapper-brain-cells-lyrics HTTP/1.1" 200 None
2018-10-22 17:45:38,612 DEBUG urllib3.connectionpool https://api.genius.com:443 "GET /songs/66831?text_format=plain HTTP/1.1" 200 12550
2018-10-22 17:45:39,131 DEBUG urllib3.connectionpool Starting new HTTPS connection (1): genius.com:443
2018-10-22 17:45:40,229 DEBUG urllib3.connectionpool https://genius.com:443 "GET /Chance-the-rapper-brain-cells-demo-lyrics HTTP/1.1" 200 None
2018-10-22 17:45:40,652 DEBUG urllib3.connectionpool https://api.genius.com:443 "GET /songs/3660683?text_format=plain HTTP/1.1" 200 10781
2018-10-22 17:45:41,297 DEBUG urllib3.connectionpool Starting new HTTPS connection (1): genius.com:443
2018-10-22 17:45:42,107 DEBUG urllib3.connectionpool https://genius.com:443 "GET /Chance-the-rapper-brain-cells-live-lyrics HTTP/1.1" 200 None
2018-10-22 17:45:42,495 DEBUG urllib3.connectionpool https://api.genius.com:443 "GET /songs/3660769?text_format=plain HTTP/1.1" 200 10091
2018-10-22 17:45:43,000 DEBUG urllib3.connectionpool Starting new HTTPS connection (1): genius.com:443
